0 info it worked if it ends with ok
1 verbose cli [ '/usr/bin/node',
1 verbose cli   '/usr/bin/npm',
1 verbose cli   'i',
1 verbose cli   '--save-dev',
1 verbose cli   'babel-core@6.22.1',
1 verbose cli   'babel-loader@6.2.10',
1 verbose cli   'babel-present-es2015@6.22.0' ]
2 info using npm@3.5.2
3 info using node@v8.10.0
4 silly loadCurrentTree Starting
5 silly install loadCurrentTree
6 silly install readLocalPackageData
7 silly fetchPackageMetaData babel-core@6.22.1
8 silly fetchPackageMetaData babel-loader@6.2.10
9 silly fetchPackageMetaData babel-present-es2015@6.22.0
10 silly fetchNamedPackageData babel-core
11 silly mapToRegistry name babel-core
12 silly mapToRegistry using default registry
13 silly mapToRegistry registry https://registry.npmjs.org/
14 silly mapToRegistry uri https://registry.npmjs.org/babel-core
15 silly fetchNamedPackageData babel-loader
16 silly mapToRegistry name babel-loader
17 silly mapToRegistry using default registry
18 silly mapToRegistry registry https://registry.npmjs.org/
19 silly mapToRegistry uri https://registry.npmjs.org/babel-loader
20 silly fetchNamedPackageData babel-present-es2015
21 silly mapToRegistry name babel-present-es2015
22 silly mapToRegistry using default registry
23 silly mapToRegistry registry https://registry.npmjs.org/
24 silly mapToRegistry uri https://registry.npmjs.org/babel-present-es2015
25 verbose request uri https://registry.npmjs.org/babel-present-es2015
26 verbose request no auth needed
27 info attempt registry request try #1 at 9:36:06 AM
28 verbose request id e236753ed7bd6be4
29 http request GET https://registry.npmjs.org/babel-present-es2015
30 verbose request uri https://registry.npmjs.org/babel-loader
31 verbose request no auth needed
32 info attempt registry request try #1 at 9:36:06 AM
33 verbose etag W/"eac99b3545b159b31bfaa2268331994f"
34 verbose lastModified Wed, 16 Jan 2019 19:40:09 GMT
35 http request GET https://registry.npmjs.org/babel-loader
36 verbose request uri https://registry.npmjs.org/babel-core
37 verbose request no auth needed
38 info attempt registry request try #1 at 9:36:06 AM
39 verbose etag W/"886e9c078ea6cae3ed12a15274ff5478"
40 verbose lastModified Tue, 01 Jan 2019 07:22:35 GMT
41 http request GET https://registry.npmjs.org/babel-core
42 http 304 https://registry.npmjs.org/babel-loader
43 verbose headers { date: 'Fri, 22 Feb 2019 12:36:06 GMT',
43 verbose headers   connection: 'keep-alive',
43 verbose headers   'set-cookie':
43 verbose headers    [ '__cfduid=d684165d50569e4774ba3c0fe92da31ba1550838966; expires=Sat, 22-Feb-20 12:36:06 GMT; path=/; domain=.registry.npmjs.org; HttpOnly' ],
43 verbose headers   'cf-cache-status': 'HIT',
43 verbose headers   'cache-control': 'max-age=300',
43 verbose headers   'cf-ray': '4ad17f12a908881e-GIG',
43 verbose headers   etag: '"eac99b3545b159b31bfaa2268331994f"',
43 verbose headers   'expect-ct': 'max-age=604800, report-uri="https://report-uri.cloudflare.com/cdn-cgi/beacon/expect-ct"',
43 verbose headers   'last-modified': 'Wed, 16 Jan 2019 19:40:09 GMT',
43 verbose headers   vary: 'accept-encoding, accept',
43 verbose headers   'x-amz-meta-rev': '209-52af8ba3386dcf85fee180e09da7878b',
43 verbose headers   server: 'cloudflare' }
44 silly get cb [ 304,
44 silly get   { date: 'Fri, 22 Feb 2019 12:36:06 GMT',
44 silly get     connection: 'keep-alive',
44 silly get     'set-cookie':
44 silly get      [ '__cfduid=d684165d50569e4774ba3c0fe92da31ba1550838966; expires=Sat, 22-Feb-20 12:36:06 GMT; path=/; domain=.registry.npmjs.org; HttpOnly' ],
44 silly get     'cf-cache-status': 'HIT',
44 silly get     'cache-control': 'max-age=300',
44 silly get     'cf-ray': '4ad17f12a908881e-GIG',
44 silly get     etag: '"eac99b3545b159b31bfaa2268331994f"',
44 silly get     'expect-ct': 'max-age=604800, report-uri="https://report-uri.cloudflare.com/cdn-cgi/beacon/expect-ct"',
44 silly get     'last-modified': 'Wed, 16 Jan 2019 19:40:09 GMT',
44 silly get     vary: 'accept-encoding, accept',
44 silly get     'x-amz-meta-rev': '209-52af8ba3386dcf85fee180e09da7878b',
44 silly get     server: 'cloudflare' } ]
45 verbose etag https://registry.npmjs.org/babel-loader from cache
46 verbose get saving babel-loader to /home/antonioaads/.npm/registry.npmjs.org/babel-loader/.cache.json
47 http 304 https://registry.npmjs.org/babel-core
48 verbose headers { date: 'Fri, 22 Feb 2019 12:36:06 GMT',
48 verbose headers   connection: 'keep-alive',
48 verbose headers   'set-cookie':
48 verbose headers    [ '__cfduid=d384f40d6e26b252c7c24007afa25df671550838966; expires=Sat, 22-Feb-20 12:36:06 GMT; path=/; domain=.registry.npmjs.org; HttpOnly' ],
48 verbose headers   'cf-cache-status': 'HIT',
48 verbose headers   'cache-control': 'max-age=300',
48 verbose headers   'cf-ray': '4ad17f12adb387d6-GIG',
48 verbose headers   etag: '"886e9c078ea6cae3ed12a15274ff5478"',
48 verbose headers   'expect-ct': 'max-age=604800, report-uri="https://report-uri.cloudflare.com/cdn-cgi/beacon/expect-ct"',
48 verbose headers   'last-modified': 'Tue, 01 Jan 2019 07:22:35 GMT',
48 verbose headers   vary: 'accept-encoding, accept',
48 verbose headers   'x-amz-meta-rev': '633-f5699014b09874c9261ed023840f7090',
48 verbose headers   server: 'cloudflare' }
49 silly get cb [ 304,
49 silly get   { date: 'Fri, 22 Feb 2019 12:36:06 GMT',
49 silly get     connection: 'keep-alive',
49 silly get     'set-cookie':
49 silly get      [ '__cfduid=d384f40d6e26b252c7c24007afa25df671550838966; expires=Sat, 22-Feb-20 12:36:06 GMT; path=/; domain=.registry.npmjs.org; HttpOnly' ],
49 silly get     'cf-cache-status': 'HIT',
49 silly get     'cache-control': 'max-age=300',
49 silly get     'cf-ray': '4ad17f12adb387d6-GIG',
49 silly get     etag: '"886e9c078ea6cae3ed12a15274ff5478"',
49 silly get     'expect-ct': 'max-age=604800, report-uri="https://report-uri.cloudflare.com/cdn-cgi/beacon/expect-ct"',
49 silly get     'last-modified': 'Tue, 01 Jan 2019 07:22:35 GMT',
49 silly get     vary: 'accept-encoding, accept',
49 silly get     'x-amz-meta-rev': '633-f5699014b09874c9261ed023840f7090',
49 silly get     server: 'cloudflare' } ]
50 verbose etag https://registry.npmjs.org/babel-core from cache
51 verbose get saving babel-core to /home/antonioaads/.npm/registry.npmjs.org/babel-core/.cache.json
52 http 404 https://registry.npmjs.org/babel-present-es2015
53 verbose headers { date: 'Fri, 22 Feb 2019 12:36:06 GMT',
53 verbose headers   'content-type': 'application/json',
53 verbose headers   'content-length': '21',
53 verbose headers   connection: 'keep-alive',
53 verbose headers   'set-cookie':
53 verbose headers    [ '__cfduid=d684165d50569e4774ba3c0fe92da31ba1550838966; expires=Sat, 22-Feb-20 12:36:06 GMT; path=/; domain=.registry.npmjs.org; HttpOnly' ],
53 verbose headers   'cf-cache-status': 'MISS',
53 verbose headers   'cache-control': 'max-age=300',
53 verbose headers   'cf-ray': '4ad17f1288f4881e-GIG',
53 verbose headers   'expect-ct': 'max-age=604800, report-uri="https://report-uri.cloudflare.com/cdn-cgi/beacon/expect-ct"',
53 verbose headers   vary: 'accept-encoding, accept',
53 verbose headers   server: 'cloudflare' }
54 silly get cb [ 404,
54 silly get   { date: 'Fri, 22 Feb 2019 12:36:06 GMT',
54 silly get     'content-type': 'application/json',
54 silly get     'content-length': '21',
54 silly get     connection: 'keep-alive',
54 silly get     'set-cookie':
54 silly get      [ '__cfduid=d684165d50569e4774ba3c0fe92da31ba1550838966; expires=Sat, 22-Feb-20 12:36:06 GMT; path=/; domain=.registry.npmjs.org; HttpOnly' ],
54 silly get     'cf-cache-status': 'MISS',
54 silly get     'cache-control': 'max-age=300',
54 silly get     'cf-ray': '4ad17f1288f4881e-GIG',
54 silly get     'expect-ct': 'max-age=604800, report-uri="https://report-uri.cloudflare.com/cdn-cgi/beacon/expect-ct"',
54 silly get     vary: 'accept-encoding, accept',
54 silly get     server: 'cloudflare' } ]
55 silly fetchPackageMetaData Error: Not found : babel-present-es2015
55 silly fetchPackageMetaData     at makeError (/usr/share/npm/node_modules/npm-registry-client/lib/request.js:264:12)
55 silly fetchPackageMetaData     at CachingRegistryClient.<anonymous> (/usr/share/npm/node_modules/npm-registry-client/lib/request.js:252:14)
55 silly fetchPackageMetaData     at Request._callback (/usr/share/npm/node_modules/npm-registry-client/lib/request.js:172:14)
55 silly fetchPackageMetaData     at Request.self.callback (/usr/share/npm/node_modules/request/request.js:198:22)
55 silly fetchPackageMetaData     at emitTwo (events.js:126:13)
55 silly fetchPackageMetaData     at Request.emit (events.js:214:7)
55 silly fetchPackageMetaData     at Request.<anonymous> (/usr/share/npm/node_modules/request/request.js:1082:10)
55 silly fetchPackageMetaData     at emitOne (events.js:121:20)
55 silly fetchPackageMetaData     at Request.emit (events.js:211:7)
55 silly fetchPackageMetaData     at IncomingMessage.<anonymous> (/usr/share/npm/node_modules/request/request.js:1009:12)
55 silly fetchPackageMetaData  error for babel-present-es2015@6.22.0 { Error: Not found : babel-present-es2015
55 silly fetchPackageMetaData     at makeError (/usr/share/npm/node_modules/npm-registry-client/lib/request.js:264:12)
55 silly fetchPackageMetaData     at CachingRegistryClient.<anonymous> (/usr/share/npm/node_modules/npm-registry-client/lib/request.js:252:14)
55 silly fetchPackageMetaData     at Request._callback (/usr/share/npm/node_modules/npm-registry-client/lib/request.js:172:14)
55 silly fetchPackageMetaData     at Request.self.callback (/usr/share/npm/node_modules/request/request.js:198:22)
55 silly fetchPackageMetaData     at emitTwo (events.js:126:13)
55 silly fetchPackageMetaData     at Request.emit (events.js:214:7)
55 silly fetchPackageMetaData     at Request.<anonymous> (/usr/share/npm/node_modules/request/request.js:1082:10)
55 silly fetchPackageMetaData     at emitOne (events.js:121:20)
55 silly fetchPackageMetaData     at Request.emit (events.js:211:7)
55 silly fetchPackageMetaData     at IncomingMessage.<anonymous> (/usr/share/npm/node_modules/request/request.js:1009:12) pkgid: 'babel-present-es2015', statusCode: 404, code: 'E404' }
56 silly rollbackFailedOptional Starting
57 silly rollbackFailedOptional Finishing
58 silly runTopLevelLifecycles Starting
59 silly runTopLevelLifecycles Finishing
60 silly install printInstalled
61 verbose stack Error: Not found : babel-present-es2015
61 verbose stack     at makeError (/usr/share/npm/node_modules/npm-registry-client/lib/request.js:264:12)
61 verbose stack     at CachingRegistryClient.<anonymous> (/usr/share/npm/node_modules/npm-registry-client/lib/request.js:252:14)
61 verbose stack     at Request._callback (/usr/share/npm/node_modules/npm-registry-client/lib/request.js:172:14)
61 verbose stack     at Request.self.callback (/usr/share/npm/node_modules/request/request.js:198:22)
61 verbose stack     at emitTwo (events.js:126:13)
61 verbose stack     at Request.emit (events.js:214:7)
61 verbose stack     at Request.<anonymous> (/usr/share/npm/node_modules/request/request.js:1082:10)
61 verbose stack     at emitOne (events.js:121:20)
61 verbose stack     at Request.emit (events.js:211:7)
61 verbose stack     at IncomingMessage.<anonymous> (/usr/share/npm/node_modules/request/request.js:1009:12)
62 verbose statusCode 404
63 verbose pkgid babel-present-es2015
64 verbose cwd /home/antonioaads/Documents/Aprendendo_React
65 error Linux 4.15.0-20-generic
66 error argv "/usr/bin/node" "/usr/bin/npm" "i" "--save-dev" "babel-core@6.22.1" "babel-loader@6.2.10" "babel-present-es2015@6.22.0"
67 error node v8.10.0
68 error npm  v3.5.2
69 error code E404
70 error 404 Not found : babel-present-es2015
71 error 404
72 error 404 'babel-present-es2015' is not in the npm registry.
73 error 404 You should bug the author to publish it (or use the name yourself!)
74 error 404 Note that you can also install from a
75 error 404 tarball, folder, http url, or git url.
76 verbose exit [ 1, true ]
